[2026-03-11T21:51:22.443+0000] {manager.py:470} INFO - Processing files using up to 2 processes at a time 
[2026-03-11T21:51:22.446+0000] {manager.py:471} INFO - Process each file at most once every 10 seconds
[2026-03-11T21:51:22.447+0000] {manager.py:472} INFO - Checking for new files in /opt/airflow/dags every 300 seconds
[2026-03-11T21:51:22.447+0000] {manager.py:737} INFO - Searching for files in /opt/airflow/dags
[2026-03-11T21:51:22.453+0000] {manager.py:740} INFO - There are 1 files in /opt/airflow/dags
[2026-03-11T21:51:22.742+0000] {manager.py:878} INFO - 
================================================================================
DAG File Processing Stats

File Path                   PID  Runtime      # DAGs    # Errors  Last Runtime    Last Run
------------------------  -----  ---------  --------  ----------  --------------  ----------
/opt/airflow/dags/dag.py    175  0.11s             0           0
================================================================================
[2026-03-11T21:51:53.476+0000] {manager.py:878} INFO - 
================================================================================
DAG File Processing Stats

File Path                 PID    Runtime      # DAGs    # Errors  Last Runtime    Last Run
------------------------  -----  ---------  --------  ----------  --------------  -------------------
/opt/airflow/dags/dag.py                           1           0  0.76s           2026-03-11T21:51:48
================================================================================
[2026-03-11T21:52:23.563+0000] {manager.py:878} INFO - 
================================================================================
DAG File Processing Stats

File Path                 PID    Runtime      # DAGs    # Errors  Last Runtime    Last Run
------------------------  -----  ---------  --------  ----------  --------------  -------------------
/opt/airflow/dags/dag.py                           1           0  1.93s           2026-03-11T21:52:23
================================================================================
[2026-03-11T21:52:53.773+0000] {manager.py:878} INFO - 
================================================================================
DAG File Processing Stats

File Path                 PID    Runtime      # DAGs    # Errors  Last Runtime    Last Run
------------------------  -----  ---------  --------  ----------  --------------  -------------------
/opt/airflow/dags/dag.py                           1           0  1.06s           2026-03-11T21:52:45
================================================================================
[2026-03-11T21:53:24.445+0000] {manager.py:878} INFO - 
================================================================================
DAG File Processing Stats

File Path                 PID    Runtime      # DAGs    # Errors  Last Runtime    Last Run
------------------------  -----  ---------  --------  ----------  --------------  -------------------
/opt/airflow/dags/dag.py                           1           0  9.30s           2026-03-11T21:53:16
================================================================================
[2026-03-11T21:53:54.618+0000] {manager.py:878} INFO - 
================================================================================
DAG File Processing Stats

File Path                 PID    Runtime      # DAGs    # Errors  Last Runtime    Last Run
------------------------  -----  ---------  --------  ----------  --------------  -------------------
/opt/airflow/dags/dag.py                           1           0  0.73s           2026-03-11T21:53:52
================================================================================
[2026-03-11T21:54:25.421+0000] {manager.py:878} INFO - 
================================================================================
DAG File Processing Stats

File Path                 PID    Runtime      # DAGs    # Errors  Last Runtime    Last Run
------------------------  -----  ---------  --------  ----------  --------------  -------------------
/opt/airflow/dags/dag.py                           1           0  1.13s           2026-03-11T21:54:21
================================================================================
[2026-03-11T21:54:55.532+0000] {manager.py:878} INFO - 
================================================================================
DAG File Processing Stats

File Path                 PID    Runtime      # DAGs    # Errors  Last Runtime    Last Run
------------------------  -----  ---------  --------  ----------  --------------  -------------------
/opt/airflow/dags/dag.py                           1           0  0.56s           2026-03-11T21:54:53
================================================================================
[2026-03-11T21:55:25.969+0000] {manager.py:878} INFO - 
================================================================================
DAG File Processing Stats

File Path                   PID  Runtime      # DAGs    # Errors  Last Runtime    Last Run
------------------------  -----  ---------  --------  ----------  --------------  -------------------
/opt/airflow/dags/dag.py    343  0.46s             1           0  0.52s           2026-03-11T21:55:15
================================================================================
[2026-03-11T21:55:56.164+0000] {manager.py:878} INFO - 
================================================================================
DAG File Processing Stats

File Path                 PID    Runtime      # DAGs    # Errors  Last Runtime    Last Run
------------------------  -----  ---------  --------  ----------  --------------  -------------------
/opt/airflow/dags/dag.py                           1           0  0.43s           2026-03-11T21:55:47
================================================================================
[2026-03-11T21:56:22.740+0000] {manager.py:737} INFO - Searching for files in /opt/airflow/dags
[2026-03-11T21:56:22.753+0000] {manager.py:740} INFO - There are 1 files in /opt/airflow/dags
[2026-03-11T21:56:26.787+0000] {manager.py:878} INFO - 
================================================================================
DAG File Processing Stats

File Path                 PID    Runtime      # DAGs    # Errors  Last Runtime    Last Run
------------------------  -----  ---------  --------  ----------  --------------  -------------------
/opt/airflow/dags/dag.py                           1           0  0.66s           2026-03-11T21:56:18
================================================================================
[2026-03-11T21:56:57.478+0000] {manager.py:878} INFO - 
================================================================================
DAG File Processing Stats

File Path                 PID    Runtime      # DAGs    # Errors  Last Runtime    Last Run
------------------------  -----  ---------  --------  ----------  --------------  -------------------
/opt/airflow/dags/dag.py                           1           0  0.82s           2026-03-11T21:56:50
================================================================================
[2026-03-11T21:57:27.850+0000] {manager.py:878} INFO - 
================================================================================
DAG File Processing Stats

File Path                 PID    Runtime      # DAGs    # Errors  Last Runtime    Last Run
------------------------  -----  ---------  --------  ----------  --------------  -------------------
/opt/airflow/dags/dag.py                           1           0  0.57s           2026-03-11T21:57:22
================================================================================
[2026-03-11T21:57:58.188+0000] {manager.py:878} INFO - 
================================================================================
DAG File Processing Stats

File Path                 PID    Runtime      # DAGs    # Errors  Last Runtime    Last Run
------------------------  -----  ---------  --------  ----------  --------------  -------------------
/opt/airflow/dags/dag.py                           1           0  0.41s           2026-03-11T21:57:54
================================================================================
[2026-03-11T21:58:28.454+0000] {manager.py:878} INFO - 
================================================================================
DAG File Processing Stats

File Path                 PID    Runtime      # DAGs    # Errors  Last Runtime    Last Run
------------------------  -----  ---------  --------  ----------  --------------  -------------------
/opt/airflow/dags/dag.py                           1           0  0.59s           2026-03-11T21:58:25
================================================================================
[2026-03-11T21:58:58.916+0000] {manager.py:878} INFO - 
================================================================================
DAG File Processing Stats

File Path                 PID    Runtime      # DAGs    # Errors  Last Runtime    Last Run
------------------------  -----  ---------  --------  ----------  --------------  -------------------
/opt/airflow/dags/dag.py                           1           0  0.60s           2026-03-11T21:58:58
================================================================================
[2026-03-11T21:59:29.295+0000] {manager.py:878} INFO - 
================================================================================
DAG File Processing Stats

File Path                 PID    Runtime      # DAGs    # Errors  Last Runtime    Last Run
------------------------  -----  ---------  --------  ----------  --------------  -------------------
/opt/airflow/dags/dag.py                           1           0  0.65s           2026-03-11T21:59:19
================================================================================
[2026-03-11T21:59:59.477+0000] {manager.py:878} INFO - 
================================================================================
DAG File Processing Stats

File Path                 PID    Runtime      # DAGs    # Errors  Last Runtime    Last Run
------------------------  -----  ---------  --------  ----------  --------------  -------------------
/opt/airflow/dags/dag.py                           1           0  0.36s           2026-03-11T21:59:50
================================================================================
[2026-03-11T22:00:29.766+0000] {manager.py:878} INFO - 
================================================================================
DAG File Processing Stats

File Path                 PID    Runtime      # DAGs    # Errors  Last Runtime    Last Run
------------------------  -----  ---------  --------  ----------  --------------  -------------------
/opt/airflow/dags/dag.py                           1           0  0.69s           2026-03-11T22:00:23
================================================================================
[2026-03-11T22:00:59.963+0000] {manager.py:878} INFO - 
================================================================================
DAG File Processing Stats

File Path                 PID    Runtime      # DAGs    # Errors  Last Runtime    Last Run
------------------------  -----  ---------  --------  ----------  --------------  -------------------
/opt/airflow/dags/dag.py                           1           0  0.74s           2026-03-11T22:00:55
================================================================================
[2026-03-11T22:01:23.339+0000] {manager.py:737} INFO - Searching for files in /opt/airflow/dags
[2026-03-11T22:01:23.343+0000] {manager.py:740} INFO - There are 1 files in /opt/airflow/dags
[2026-03-11T22:01:30.368+0000] {manager.py:878} INFO - 
================================================================================
DAG File Processing Stats

File Path                 PID    Runtime      # DAGs    # Errors  Last Runtime    Last Run
------------------------  -----  ---------  --------  ----------  --------------  -------------------
/opt/airflow/dags/dag.py                           1           0  0.96s           2026-03-11T22:01:28
================================================================================
[2026-03-11T22:02:00.399+0000] {manager.py:878} INFO - 
================================================================================
DAG File Processing Stats

File Path                 PID    Runtime      # DAGs    # Errors  Last Runtime    Last Run
------------------------  -----  ---------  --------  ----------  --------------  -------------------
/opt/airflow/dags/dag.py                           1           0  0.69s           2026-03-11T22:02:00
================================================================================
[2026-03-11T22:02:30.460+0000] {manager.py:878} INFO - 
================================================================================
DAG File Processing Stats

File Path                 PID    Runtime      # DAGs    # Errors  Last Runtime    Last Run
------------------------  -----  ---------  --------  ----------  --------------  -------------------
/opt/airflow/dags/dag.py                           1           0  0.65s           2026-03-11T22:02:22
================================================================================
[2026-03-11T22:03:00.950+0000] {manager.py:878} INFO - 
================================================================================
DAG File Processing Stats

File Path                 PID    Runtime      # DAGs    # Errors  Last Runtime    Last Run
------------------------  -----  ---------  --------  ----------  --------------  -------------------
/opt/airflow/dags/dag.py                           1           0  0.70s           2026-03-11T22:02:54
================================================================================
[2026-03-11T22:03:31.281+0000] {manager.py:878} INFO - 
================================================================================
DAG File Processing Stats

File Path                 PID    Runtime      # DAGs    # Errors  Last Runtime    Last Run
------------------------  -----  ---------  --------  ----------  --------------  -------------------
/opt/airflow/dags/dag.py                           1           0  0.74s           2026-03-11T22:03:26
================================================================================
[2026-03-11T22:04:01.532+0000] {manager.py:878} INFO - 
================================================================================
DAG File Processing Stats

File Path                 PID    Runtime      # DAGs    # Errors  Last Runtime    Last Run
------------------------  -----  ---------  --------  ----------  --------------  -------------------
/opt/airflow/dags/dag.py                           1           0  0.86s           2026-03-11T22:03:59
================================================================================
[2026-03-11T22:04:31.541+0000] {manager.py:878} INFO - 
================================================================================
DAG File Processing Stats

File Path                   PID  Runtime      # DAGs    # Errors  Last Runtime    Last Run
------------------------  -----  ---------  --------  ----------  --------------  -------------------
/opt/airflow/dags/dag.py    730  0.00s             1           0  0.89s           2026-03-11T22:04:21
================================================================================
[2026-03-11T22:05:01.893+0000] {manager.py:878} INFO - 
================================================================================
DAG File Processing Stats

File Path                 PID    Runtime      # DAGs    # Errors  Last Runtime    Last Run
------------------------  -----  ---------  --------  ----------  --------------  -------------------
/opt/airflow/dags/dag.py                           1           0  0.70s           2026-03-11T22:04:53
================================================================================
[2026-03-11T22:05:31.913+0000] {manager.py:878} INFO - 
================================================================================
DAG File Processing Stats

File Path                 PID    Runtime      # DAGs    # Errors  Last Runtime    Last Run
------------------------  -----  ---------  --------  ----------  --------------  -------------------
/opt/airflow/dags/dag.py                           1           0  0.79s           2026-03-11T22:05:26
================================================================================
[2026-03-11T22:06:07.437+0000] {manager.py:878} INFO - 
================================================================================
DAG File Processing Stats

File Path                 PID    Runtime      # DAGs    # Errors  Last Runtime    Last Run
------------------------  -----  ---------  --------  ----------  --------------  -------------------
/opt/airflow/dags/dag.py                           1           0  0.76s           2026-03-11T22:06:00
================================================================================
[2026-03-11T22:06:24.108+0000] {manager.py:737} INFO - Searching for files in /opt/airflow/dags
[2026-03-11T22:06:24.333+0000] {manager.py:740} INFO - There are 1 files in /opt/airflow/dags
[2026-03-11T22:06:38.037+0000] {manager.py:878} INFO - 
================================================================================
DAG File Processing Stats

File Path                 PID    Runtime      # DAGs    # Errors  Last Runtime    Last Run
------------------------  -----  ---------  --------  ----------  --------------  -------------------
/opt/airflow/dags/dag.py                           1           0  2.64s           2026-03-11T22:06:31
================================================================================
[2026-03-11T22:07:08.154+0000] {manager.py:878} INFO - 
================================================================================
DAG File Processing Stats

File Path                 PID    Runtime      # DAGs    # Errors  Last Runtime    Last Run
------------------------  -----  ---------  --------  ----------  --------------  -------------------
/opt/airflow/dags/dag.py                           1           0  0.78s           2026-03-11T22:07:04
================================================================================
[2026-03-11T22:07:39.076+0000] {manager.py:878} INFO - 
================================================================================
DAG File Processing Stats

File Path                   PID  Runtime      # DAGs    # Errors  Last Runtime    Last Run
------------------------  -----  ---------  --------  ----------  --------------  -------------------
/opt/airflow/dags/dag.py    853  0.01s             1           0  1.23s           2026-03-11T22:07:29
================================================================================
[2026-03-11T22:08:09.251+0000] {manager.py:878} INFO - 
================================================================================
DAG File Processing Stats

File Path                 PID    Runtime      # DAGs    # Errors  Last Runtime    Last Run
------------------------  -----  ---------  --------  ----------  --------------  -------------------
/opt/airflow/dags/dag.py                           1           0  2.27s           2026-03-11T22:08:03
================================================================================
[2026-03-11T22:08:15.878+0000] {manager.py:452} INFO - Exiting gracefully upon receiving signal 15
[2026-03-11T22:09:11.136+0000] {manager.py:470} INFO - Processing files using up to 2 processes at a time 
[2026-03-11T22:09:11.142+0000] {manager.py:471} INFO - Process each file at most once every 10 seconds
[2026-03-11T22:09:11.143+0000] {manager.py:472} INFO - Checking for new files in /opt/airflow/dags every 300 seconds
[2026-03-11T22:09:11.148+0000] {manager.py:737} INFO - Searching for files in /opt/airflow/dags
[2026-03-11T22:09:11.153+0000] {manager.py:740} INFO - There are 1 files in /opt/airflow/dags
[2026-03-11T22:09:11.510+0000] {manager.py:878} INFO - 
================================================================================
DAG File Processing Stats

File Path                   PID  Runtime      # DAGs    # Errors  Last Runtime    Last Run
------------------------  -----  ---------  --------  ----------  --------------  ----------
/opt/airflow/dags/dag.py    174  0.21s             0           0
================================================================================
[2026-03-11T22:09:42.059+0000] {manager.py:878} INFO - 
================================================================================
DAG File Processing Stats

File Path                 PID    Runtime      # DAGs    # Errors  Last Runtime    Last Run
------------------------  -----  ---------  --------  ----------  --------------  -------------------
/opt/airflow/dags/dag.py                           1           0  1.00s           2026-03-11T22:09:36
================================================================================
[2026-03-11T22:10:12.296+0000] {manager.py:878} INFO - 
================================================================================
DAG File Processing Stats

File Path                 PID    Runtime      # DAGs    # Errors  Last Runtime    Last Run
------------------------  -----  ---------  --------  ----------  --------------  -------------------
/opt/airflow/dags/dag.py                           1           0  0.53s           2026-03-11T22:10:07
================================================================================
[2026-03-11T22:10:42.628+0000] {manager.py:878} INFO - 
================================================================================
DAG File Processing Stats

File Path                 PID    Runtime      # DAGs    # Errors  Last Runtime    Last Run
------------------------  -----  ---------  --------  ----------  --------------  -------------------
/opt/airflow/dags/dag.py                           1           0  0.53s           2026-03-11T22:10:40
================================================================================
[2026-03-11T22:11:13.320+0000] {manager.py:878} INFO - 
================================================================================
DAG File Processing Stats

File Path                 PID    Runtime      # DAGs    # Errors  Last Runtime    Last Run
------------------------  -----  ---------  --------  ----------  --------------  -------------------
/opt/airflow/dags/dag.py                           1           0  1.86s           2026-03-11T22:11:03
================================================================================
[2026-03-11T22:11:43.798+0000] {manager.py:878} INFO - 
================================================================================
DAG File Processing Stats

File Path                 PID    Runtime      # DAGs    # Errors  Last Runtime    Last Run
------------------------  -----  ---------  --------  ----------  --------------  -------------------
/opt/airflow/dags/dag.py                           1           0  0.71s           2026-03-11T22:11:37
================================================================================
[2026-03-11T22:12:13.902+0000] {manager.py:878} INFO - 
================================================================================
DAG File Processing Stats

File Path                 PID    Runtime      # DAGs    # Errors  Last Runtime    Last Run
------------------------  -----  ---------  --------  ----------  --------------  -------------------
/opt/airflow/dags/dag.py                           1           0  0.72s           2026-03-11T22:12:09
================================================================================
[2026-03-11T22:12:43.994+0000] {manager.py:878} INFO - 
================================================================================
DAG File Processing Stats

File Path                 PID    Runtime      # DAGs    # Errors  Last Runtime    Last Run
------------------------  -----  ---------  --------  ----------  --------------  -------------------
/opt/airflow/dags/dag.py                           1           0  0.33s           2026-03-11T22:12:40
================================================================================
